app/build/outputs/logs/manifest-merger-debug-report.txt
-- Merging decision tree log ---
manifest
ADDED from src\main\AndroidManifest.xml:2:1-36:12
	package
		ADDED from src\main\AndroidManifest.xml:3:5-50
		INJECTED from src\main\AndroidManifest.xml
		INJECTED from src\main\AndroidManifest.xml
	android:versionName
		INJECTED from src\main\AndroidManifest.xml
		INJECTED from src\main\AndroidManifest.xml
	xmlns:android
		ADDED from src\main\AndroidManifest.xml:2:11-69
	android:versionCode
		INJECTED from src\main\AndroidManifest.xml
		INJECTED from src\main\AndroidManifest.xml
uses-permission#android.permission.INTERNET
ADDED from src\main\AndroidManifest.xml:5:5-67
MERGED from [com.twitter.sdk.android:twitter-core:2.1.0] AndroidManifest.xml:25:5-67
MERGED from [io.fabric.sdk.android:fabric:1.3.14] AndroidManifest.xml:25:5-67
MERGED from [com.twitter.sdk.android:tweet-ui:2.1.1] AndroidManifest.xml:25:5-67
MERGED from [com.twitter.sdk.android:tweet-composer:2.1.0] AndroidManifest.xml:25:5-67
	android:name
		ADDED from src\main\AndroidManifest.xml:5:22-64
application
ADDED from src\main\AndroidManifest.xml:7:5-34:19
MERGED from [com.facebook.android:facebook-android-sdk:4.16.1] AndroidManifest.xml:28:5-38:19
MERGED from [com.android.support:support-v4:24.2.1] AndroidManifest.xml:25:5-20
MERGED from [com.android.support:support-compat:24.2.1] AndroidManifest.xml:25:5-20
MERGED from [com.android.support:support-media-compat:24.2.1] AndroidManifest.xml:25:5-20
MERGED from [com.android.support:support-core-utils:24.2.1] AndroidManifest.xml:25:5-20
MERGED from [com.android.support:support-core-ui:24.2.1] AndroidManifest.xml:25:5-20
MERGED from [com.android.support:support-fragment:24.2.1] AndroidManifest.xml:25:5-20
MERGED from [com.android.support:appcompat-v7:24.2.1] AndroidManifest.xml:25:5-20
MERGED from [com.android.support:support-vector-drawable:24.2.1] AndroidManifest.xml:23:5-20
MERGED from [com.android.support:animated-vector-drawable:24.2.1] AndroidManifest.xml:22:5-20
MERGED from [com.android.support:cardview-v7:23.4.0] AndroidManifest.xml:22:5-20
MERGED from [com.android.support:customtabs:23.4.0] AndroidManifest.xml:22:5-20
MERGED from [com.twitter.sdk.android:twitter:2.1.1] AndroidManifest.xml:25:5-20
MERGED from [com.twitter.sdk.android:twitter-core:2.1.0] AndroidManifest.xml:27:5-40:19
MERGED from [io.fabric.sdk.android:fabric:1.3.14] AndroidManifest.xml:27:5-20
MERGED from [com.twitter.sdk.android:tweet-ui:2.1.1] AndroidManifest.xml:27:5-35:19
MERGED from [com.twitter.sdk.android:tweet-composer:2.1.0] AndroidManifest.xml:27:5-37:19
	android:label
		ADDED from src\main\AndroidManifest.xml:10:9-41
	android:supportsRtl
		ADDED from src\main\AndroidManifest.xml:11:9-35
	android:allowBackup
		ADDED from src\main\AndroidManifest.xml:8:9-35
	android:icon
		ADDED from src\main\AndroidManifest.xml:9:9-43
	android:theme
		ADDED from src\main\AndroidManifest.xml:12:9-40
activity#com.example.hectorvera.myfirstfbapp.MainActivity
ADDED from src\main\AndroidManifest.xml:13:9-19:20
	android:name
		ADDED from src\main\AndroidManifest.xml:13:19-47
intent-filter#android.intent.action.MAIN+android.intent.category.LAUNCHER
ADDED from src\main\AndroidManifest.xml:14:13-18:29
action#android.intent.action.MAIN
ADDED from src\main\AndroidManifest.xml:15:17-69
	android:name
		ADDED from src\main\AndroidManifest.xml:15:25-66
category#android.intent.category.LAUNCHER
ADDED from src\main\AndroidManifest.xml:17:17-77
	android:name
		ADDED from src\main\AndroidManifest.xml:17:27-74
meta-data#com.facebook.sdk.ApplicationId
ADDED from src\main\AndroidManifest.xml:21:9-23:55
	android:value
		ADDED from src\main\AndroidManifest.xml:23:13-52
	android:name
		ADDED from src\main\AndroidManifest.xml:22:13-58
provider#com.facebook.FacebookContentProvider
ADDED from src\main\AndroidManifest.xml:25:9-28:39
	android:authorities
		ADDED from src\main\AndroidManifest.xml:27:13-90
	android:exported
		ADDED from src\main\AndroidManifest.xml:28:13-36
	android:name
		ADDED from src\main\AndroidManifest.xml:26:13-64
activity#com.example.hectorvera.myfirstfbapp.FacebookActivity
ADDED from src\main\AndroidManifest.xml:30:9-63
	android:name
		ADDED from src\main\AndroidManifest.xml:30:19-51
meta-data#io.fabric.ApiKey
ADDED from src\main\AndroidManifest.xml:31:9-33:72
	android:value
		ADDED from src\main\AndroidManifest.xml:33:13-69
	android:name
		ADDED from src\main\AndroidManifest.xml:32:13-44
uses-sdk
INJECTED from src\main\AndroidManifest.xml reason: use-sdk injection requested
MERGED from [com.facebook.android:facebook-android-sdk:4.16.1] AndroidManifest.xml:24:5-26:41
MERGED from [com.android.support:support-v4:24.2.1] AndroidManifest.xml:21:5-23:54
MERGED from [com.android.support:support-compat:24.2.1] AndroidManifest.xml:21:5-23:58
MERGED from [com.android.support:support-media-compat:24.2.1] AndroidManifest.xml:21:5-23:63
MERGED from [com.android.support:support-core-utils:24.2.1] AndroidManifest.xml:21:5-23:61
MERGED from [com.android.support:support-core-ui:24.2.1] AndroidManifest.xml:21:5-23:58
MERGED from [com.android.support:support-fragment:24.2.1] AndroidManifest.xml:21:5-23:60
MERGED from [com.android.support:appcompat-v7:24.2.1] AndroidManifest.xml:21:5-23:78
MERGED from [com.android.support:support-vector-drawable:24.2.1] AndroidManifest.xml:21:5-43
MERGED from [com.android.support:animated-vector-drawable:24.2.1] AndroidManifest.xml:20:5-44
MERGED from [com.android.support:cardview-v7:23.4.0] AndroidManifest.xml:20:5-43
MERGED from [com.android.support:customtabs:23.4.0] AndroidManifest.xml:20:5-44
MERGED from [com.twitter.sdk.android:twitter:2.1.1] AndroidManifest.xml:23:5-44
MERGED from [com.twitter.sdk.android:twitter-core:2.1.0] AndroidManifest.xml:23:5-44
MERGED from [io.fabric.sdk.android:fabric:1.3.14] AndroidManifest.xml:23:5-43
MERGED from [com.twitter.sdk.android:tweet-ui:2.1.1] AndroidManifest.xml:23:5-44
MERGED from [com.twitter.sdk.android:tweet-composer:2.1.0] AndroidManifest.xml:23:5-44
	tools:overrideLibrary
		ADDED from [com.android.support:support-v4:24.2.1] AndroidManifest.xml:23:9-51
	android:targetSdkVersion
		INJECTED from src\main\AndroidManifest.xml
		INJECTED from src\main\AndroidManifest.xml
	android:minSdkVersion
		INJECTED from src\main\AndroidManifest.xml
		INJECTED from src\main\AndroidManifest.xml
activity#com.facebook.FacebookActivity
ADDED from [com.facebook.android:facebook-android-sdk:4.16.1] AndroidManifest.xml:29:9-32:66
	android:configChanges
		ADDED from [com.facebook.android:facebook-android-sdk:4.16.1] AndroidManifest.xml:31:13-96
	android:theme
		ADDED from [com.facebook.android:facebook-android-sdk:4.16.1] AndroidManifest.xml:32:13-63
	android:name
		ADDED from [com.facebook.android:facebook-android-sdk:4.16.1] AndroidManifest.xml:30:13-57
activity#com.facebook.CustomTabActivity
ADDED from [com.facebook.android:facebook-android-sdk:4.16.1] AndroidManifest.xml:33:9-36:20
	android:exported
		ADDED from [com.facebook.android:facebook-android-sdk:4.16.1] AndroidManifest.xml:35:13-36
	android:name
		ADDED from [com.facebook.android:facebook-android-sdk:4.16.1] AndroidManifest.xml:34:13-58
activity#com.facebook.CustomTabMainActivity
ADDED from [com.facebook.android:facebook-android-sdk:4.16.1] AndroidManifest.xml:37:9-71
	android:name
		ADDED from [com.facebook.android:facebook-android-sdk:4.16.1] AndroidManifest.xml:37:19-68
activity#com.twitter.sdk.android.core.identity.OAuthActivity
ADDED from [com.twitter.sdk.android:twitter-core:2.1.0] AndroidManifest.xml:28:9-32:40
	android:excludeFromRecents
		ADDED from [com.twitter.sdk.android:twitter-core:2.1.0] AndroidManifest.xml:31:13-46
	android:exported
		ADDED from [com.twitter.sdk.android:twitter-core:2.1.0] AndroidManifest.xml:32:13-37
	android:configChanges
		ADDED from [com.twitter.sdk.android:twitter-core:2.1.0] AndroidManifest.xml:30:13-59
	android:name
		ADDED from [com.twitter.sdk.android:twitter-core:2.1.0] AndroidManifest.xml:29:13-79
activity#com.twitter.sdk.android.core.identity.ShareEmailActivity
ADDED from [com.twitter.sdk.android:twitter-core:2.1.0] AndroidManifest.xml:33:9-39:48
	android:label
		ADDED from [com.twitter.sdk.android:twitter-core:2.1.0] AndroidManifest.xml:39:13-45
	android:excludeFromRecents
		ADDED from [com.twitter.sdk.android:twitter-core:2.1.0] AndroidManifest.xml:36:13-46
	android:exported
		ADDED from [com.twitter.sdk.android:twitter-core:2.1.0] AndroidManifest.xml:37:13-37
	android:configChanges
		ADDED from [com.twitter.sdk.android:twitter-core:2.1.0] AndroidManifest.xml:35:13-59
	android:icon
		ADDED from [com.twitter.sdk.android:twitter-core:2.1.0] AndroidManifest.xml:38:13-53
	android:name
		ADDED from [com.twitter.sdk.android:twitter-core:2.1.0] AndroidManifest.xml:34:13-84
activity#com.twitter.sdk.android.tweetui.PlayerActivity
ADDED from [com.twitter.sdk.android:tweet-ui:2.1.1] AndroidManifest.xml:28:9-31:49
	android:configChanges
		ADDED from [com.twitter.sdk.android:tweet-ui:2.1.1] AndroidManifest.xml:30:13-74
	android:theme
		ADDED from [com.twitter.sdk.android:tweet-ui:2.1.1] AndroidManifest.xml:31:13-46
	android:name
		ADDED from [com.twitter.sdk.android:tweet-ui:2.1.1] AndroidManifest.xml:29:13-74
activity#com.twitter.sdk.android.tweetui.GalleryActivity
ADDED from [com.twitter.sdk.android:tweet-ui:2.1.1] AndroidManifest.xml:32:9-34:49
	android:theme
		ADDED from [com.twitter.sdk.android:tweet-ui:2.1.1] AndroidManifest.xml:34:13-46
	android:name
		ADDED from [com.twitter.sdk.android:tweet-ui:2.1.1] AndroidManifest.xml:33:13-75
activity#com.twitter.sdk.android.tweetcomposer.ComposerActivity
ADDED from [com.twitter.sdk.android:tweet-composer:2.1.0] AndroidManifest.xml:28:9-31:71
	android:exported
		ADDED from [com.twitter.sdk.android:tweet-composer:2.1.0] AndroidManifest.xml:30:13-37
	android:windowSoftInputMode
		ADDED from [com.twitter.sdk.android:tweet-composer:2.1.0] AndroidManifest.xml:31:13-68
	android:name
		ADDED from [com.twitter.sdk.android:tweet-composer:2.1.0] AndroidManifest.xml:29:13-82
service#com.twitter.sdk.android.tweetcomposer.TweetUploadService
ADDED from [com.twitter.sdk.android:tweet-composer:2.1.0] AndroidManifest.xml:33:9-36:40
	android:enabled
		ADDED from [com.twitter.sdk.android:tweet-composer:2.1.0] AndroidManifest.xml:35:13-35
	android:exported
		ADDED from [com.twitter.sdk.android:tweet-composer:2.1.0] AndroidManifest.xml:36:13-37
	android:name
		ADDED from [com.twitter.sdk.android:tweet-composer:2.1.0] AndroidManifest.xml:34:13-84